Arguments: 
  D:\Nodejs\nodejs\node.exe D:\Nodejs\nodejs\node_modules\yarn\bin\yarn.js add BigNumber

PATH: 
  C:\ProgramData\chocolatey\bin;D:\Nodejs\nodejs;C:\Program Files\Java\jdk1.8.0_162\bin;C:\Program Files (x86)\Razer\ChromaBroadcast\bin;C:\Program Files\Razer\ChromaBroadcast\bin;C:\WINDOWS;C:\WINDOWS\system32;C:\WINDOWS\System32\Wbem;C:\WINDOWS\System32\WindowsPowerShell\v1.0\;C:\WINDOWS\System32\OpenSSH\;D:\gcc\mingw64\bin;C:\Python311\;C:\Python311\Scripts\;D:\mysql\MySQL-Sever-8.0.28\bin;C:\Program Files\Python38\Scripts\;C:\Program Files\Python38;D:\android_flutter\flutter\bin;C:\ProgramData\Oracle\Java\javapath;D:\maven\apache-maven-3.8.6\bin;D:\Git\cmd;C:\Program Files\dotnet\;E:\softWare\bin\;D:\opencv\build\x64\vc14\bin;C:\Program Files\Microsoft SQL Server\130\Tools\Binn\;C:\Program Files (x86)\Microsoft SQL Server\150\Tools\Binn\;C:\Program Files\Microsoft SQL Server\Client SDK\ODBC\170\Tools\Binn\;C:\Program Files\Microsoft SQL Server\150\Tools\Binn\;C:\Program Files\Microsoft SQL Server\150\DTS\Binn\;C:\Program Files (x86)\Microsoft SQL Server\150\DTS\Binn\;C:\Program Files\Azure Data Studio\bin;D:\sqlite;D:\wx_developer_tools\微信web开发者工具\dll;D:\tomcat\apache-tomcat-8.5.76\lib;D:\tomcat\apache-tomcat-8.5.76\bin;C:\Program Files\Docker\Docker\resources\bin;C:\ProgramData\DockerDesktop\version-bin;D:\Vagrant\bin;D:\Xshell 7\;C:\WINDOWS\system32\config\systemprofile\AppData\Local\Microsoft\WindowsApps;D:\ffmpeg-master-latest-win64-gpl\bin;D:\Nodejs\nvm;D:\Nodejs\nodejs;D:\mongodb\mongodb-win32-x86_64-windows-5.0.16\bin;C:\Users\86135\AppData\Local\Programs\Python\Launcher\;C:\Users\86135\AppData\Local\Microsoft\WindowsApps;C:\Users\86135\.dotnet\tools;C:\Program Files\Bandizip\;C:\Users\86135\AppData\Local\Programs\Microsoft VS Code\bin;D:\opencv\build\x64\vc14\bin;C:\Program Files\Azure Data Studio\bin;D:\WebStorm\WebStorm 2019.3.3\bin;;C:\Users\86135\AppData\Roaming\npm;D:\Nodejs\nvm;D:\Nodejs\nodejs

Yarn version: 
  1.22.19

Node version: 
  16.16.0

Platform: 
  win32 x64

Trace: 
  Error: https://registry.npm.taobao.org/BigNumber: Not found
      at Request.params.callback [as _callback] (D:\Nodejs\nvm\v16.16.0\node_modules\yarn\lib\cli.js:66145:18)
      at Request.self.callback (D:\Nodejs\nvm\v16.16.0\node_modules\yarn\lib\cli.js:140890:22)
      at Request.emit (node:events:527:28)
      at Request.<anonymous> (D:\Nodejs\nvm\v16.16.0\node_modules\yarn\lib\cli.js:141862:10)
      at Request.emit (node:events:527:28)
      at IncomingMessage.<anonymous> (D:\Nodejs\nvm\v16.16.0\node_modules\yarn\lib\cli.js:141784:12)
      at Object.onceWrapper (node:events:641:28)
      at IncomingMessage.emit (node:events:539:35)
      at endReadableNT (node:internal/streams/readable:1345:12)
      at processTicksAndRejections (node:internal/process/task_queues:83:21)

npm manifest: 
  {
    "name": "Front-end-Effects",
    "version": "1.0.0",
    "description": "effects",
    "main": "index.js",
    "repository": "git@github.com:laall/Front-end-Effects.git",
    "author": "Kinle <1435351453@qq.com>",
    "license": "MIT",
    "dependencies": {
      "lodash": "^4.17.21"
    }
  }

yarn manifest: 
  No manifest

Lockfile: 
  # THIS IS AN AUTOGENERATED FILE. DO NOT EDIT THIS FILE DIRECTLY.
  # yarn lockfile v1
  
  
  lodash@^4.17.21:
    version "4.17.21"
    resolved "https://registry.npmmirror.com/lodash/-/lodash-4.17.21.tgz#679591c564c3bffaae8454cf0b3df370c3d6911c"
    integrity sha512-v2kDEe57lecTulaDIuNTPy3Ry4gLGJ6Z1O3vE1krgXZNrsQ+LFTGHVxVjcXPs17LhbZVGedAJv8XZ1tvj5FvSg==
